0 info it worked if it ends with ok
1 verbose cli [ '/usr/local/Cellar/node@5/5.12.0_1/bin/node',
1 verbose cli   '/usr/local/bin/npm',
1 verbose cli   'run',
1 verbose cli   'dev' ]
2 info using npm@3.8.6
3 info using node@v5.12.0
4 verbose run-script [ 'predev', 'dev', 'postdev' ]
5 info lifecycle webui@1.0.0~predev: webui@1.0.0
6 silly lifecycle webui@1.0.0~predev: no script for predev, continuing
7 info lifecycle webui@1.0.0~dev: webui@1.0.0
8 verbose lifecycle webui@1.0.0~dev: unsafe-perm in lifecycle true
9 verbose lifecycle webui@1.0.0~dev: PATH: /usr/local/lib/node_modules/npm/bin/node-gyp-bin:/Users/justicehoop/workspace/b2b/palos/palos-api/src/main/webui/node_modules/.bin:/usr/local/Cellar/node@5/5.12.0_1/bin:/Library/Frameworks/Python.framework/Versions/3.6/bin:/Library/Frameworks/Python.framework/Versions/3.6/bin:/Users/justicehoop/.local/bin:/usr/local/bin:/usr/bin:/bin:/usr/sbin:/sbin./Library/Java/JavaVirtualMachines/jdk1.8.0_73.jdk/Contents/Home/path:/sbin:/Library/Frameworks/Python.framework/Versions/3.6/bin/python3
10 verbose lifecycle webui@1.0.0~dev: CWD: /Users/justicehoop/workspace/b2b/palos/palos-api/src/main/webui
11 silly lifecycle webui@1.0.0~dev: Args: [ '-c',
11 silly lifecycle   'NODE_ENV=development webpack-dev-server --config ./webpack.config.js --inline' ]
12 silly lifecycle webui@1.0.0~dev: Returned: code: 1  signal: null
13 info lifecycle webui@1.0.0~dev: Failed to exec dev script
14 verbose stack Error: webui@1.0.0 dev: `NODE_ENV=development webpack-dev-server --config ./webpack.config.js --inline`
14 verbose stack Exit status 1
14 verbose stack     at EventEmitter.<anonymous> (/usr/local/lib/node_modules/npm/lib/utils/lifecycle.js:239:16)
14 verbose stack     at emitTwo (events.js:100:13)
14 verbose stack     at EventEmitter.emit (events.js:185:7)
14 verbose stack     at ChildProcess.<anonymous> (/usr/local/lib/node_modules/npm/lib/utils/spawn.js:24:14)
14 verbose stack     at emitTwo (events.js:100:13)
14 verbose stack     at ChildProcess.emit (events.js:185:7)
14 verbose stack     at maybeClose (internal/child_process.js:850:16)
14 verbose stack     at Process.ChildProcess._handle.onexit (internal/child_process.js:215:5)
15 verbose pkgid webui@1.0.0
16 verbose cwd /Users/justicehoop/workspace/b2b/palos/palos-api/src/main/webui
17 error Darwin 15.6.0
18 error argv "/usr/local/Cellar/node@5/5.12.0_1/bin/node" "/usr/local/bin/npm" "run" "dev"
19 error node v5.12.0
20 error npm  v3.8.6
21 error code ELIFECYCLE
22 error webui@1.0.0 dev: `NODE_ENV=development webpack-dev-server --config ./webpack.config.js --inline`
22 error Exit status 1
23 error Failed at the webui@1.0.0 dev script 'NODE_ENV=development webpack-dev-server --config ./webpack.config.js --inline'.
23 error Make sure you have the latest version of node.js and npm installed.
23 error If you do, this is most likely a problem with the webui package,
23 error not with npm itself.
23 error Tell the author that this fails on your system:
23 error     NODE_ENV=development webpack-dev-server --config ./webpack.config.js --inline
23 error You can get information on how to open an issue for this project with:
23 error     npm bugs webui
23 error Or if that isn't available, you can get their info via:
23 error     npm owner ls webui
23 error There is likely additional logging output above.
24 verbose exit [ 1, true ]
